{"D:\\learn-js-together\\react-tl\\src\\App.js": {"path":"D:\\learn-js-together\\react-tl\\src\\App.js","statementMap":{"0":{"start":{"line":11,"column":2},"end":{"line":22,"column":4}}},"fnMap":{"0":{"name":"App","decl":{"start":{"line":10,"column":9},"end":{"line":10,"column":12}},"loc":{"start":{"line":10,"column":15},"end":{"line":23,"column":1}},"line":10}},"branchMap":{},"s":{"0":0},"f":{"0":0},"b":{}}
,"D:\\learn-js-together\\react-tl\\src\\index.js": {"path":"D:\\learn-js-together\\react-tl\\src\\index.js","statementMap":{"0":{"start":{"line":6,"column":13},"end":{"line":6,"column":65}},"1":{"start":{"line":8,"column":0},"end":{"line":12,"column":2}}},"fnMap":{},"branchMap":{},"s":{"0":0,"1":0},"f":{},"b":{}}
,"D:\\learn-js-together\\react-tl\\src\\components\\AddInput\\AddInput.jsx": {"path":"D:\\learn-js-together\\react-tl\\src\\components\\AddInput\\AddInput.jsx","statementMap":{"0":{"start":{"line":6,"column":26},"end":{"line":6,"column":38}},"1":{"start":{"line":8,"column":18},"end":{"line":21,"column":3}},"2":{"start":{"line":9,"column":4},"end":{"line":9,"column":23}},"3":{"start":{"line":10,"column":4},"end":{"line":10,"column":22}},"4":{"start":{"line":10,"column":15},"end":{"line":10,"column":22}},"5":{"start":{"line":11,"column":23},"end":{"line":18,"column":5}},"6":{"start":{"line":19,"column":4},"end":{"line":19,"column":27}},"7":{"start":{"line":20,"column":4},"end":{"line":20,"column":16}},"8":{"start":{"line":23,"column":2},"end":{"line":33,"column":4}},"9":{"start":{"line":28,"column":25},"end":{"line":28,"column":48}}},"fnMap":{"0":{"name":"AddInput","decl":{"start":{"line":5,"column":9},"end":{"line":5,"column":17}},"loc":{"start":{"line":5,"column":39},"end":{"line":34,"column":1}},"line":5},"1":{"name":"(anonymous_1)","decl":{"start":{"line":8,"column":18},"end":{"line":8,"column":19}},"loc":{"start":{"line":8,"column":25},"end":{"line":21,"column":3}},"line":8},"2":{"name":"(anonymous_2)","decl":{"start":{"line":28,"column":18},"end":{"line":28,"column":19}},"loc":{"start":{"line":28,"column":25},"end":{"line":28,"column":48}},"line":28}},"branchMap":{"0":{"loc":{"start":{"line":10,"column":4},"end":{"line":10,"column":22}},"type":"if","locations":[{"start":{"line":10,"column":4},"end":{"line":10,"column":22}},{"start":{},"end":{}}],"line":10}},"s":{"0":10,"1":10,"2":3,"3":3,"4":2,"5":1,"6":1,"7":1,"8":10,"9":3},"f":{"0":10,"1":3,"2":3},"b":{"0":[2,1]},"_coverageSchema":"1a1c01bbd47fc00a2c39e90264f33305004495a9","hash":"02e2e613ea1b41ff9801d13776497954ca40e35a"}
,"D:\\learn-js-together\\react-tl\\src\\components\\Banner\\Banner.jsx": {"path":"D:\\learn-js-together\\react-tl\\src\\components\\Banner\\Banner.jsx","statementMap":{"0":{"start":{"line":5,"column":2},"end":{"line":5,"column":36}}},"fnMap":{"0":{"name":"Banner","decl":{"start":{"line":4,"column":24},"end":{"line":4,"column":30}},"loc":{"start":{"line":4,"column":33},"end":{"line":6,"column":1}},"line":4}},"branchMap":{},"s":{"0":0},"f":{"0":0},"b":{}}
,"D:\\learn-js-together\\react-tl\\src\\components\\Followers\\Followers.jsx": {"path":"D:\\learn-js-together\\react-tl\\src\\components\\Followers\\Followers.jsx","statementMap":{"0":{"start":{"line":7,"column":4},"end":{"line":12,"column":5}}},"fnMap":{"0":{"name":"Followers","decl":{"start":{"line":6,"column":24},"end":{"line":6,"column":33}},"loc":{"start":{"line":6,"column":36},"end":{"line":13,"column":1}},"line":6}},"branchMap":{},"s":{"0":0},"f":{"0":0},"b":{}}
,"D:\\learn-js-together\\react-tl\\src\\components\\FollowersList\\FollowersList.jsx": {"path":"D:\\learn-js-together\\react-tl\\src\\components\\FollowersList\\FollowersList.jsx","statementMap":{"0":{"start":{"line":7,"column":22},"end":{"line":48,"column":1}},"1":{"start":{"line":12,"column":6},"end":{"line":12,"column":11}},"2":{"start":{"line":14,"column":2},"end":{"line":16,"column":31}},"3":{"start":{"line":15,"column":4},"end":{"line":15,"column":29}},"4":{"start":{"line":18,"column":2},"end":{"line":47,"column":4}},"5":{"start":{"line":23,"column":12},"end":{"line":37,"column":18}}},"fnMap":{"0":{"name":"(anonymous_0)","decl":{"start":{"line":7,"column":22},"end":{"line":7,"column":23}},"loc":{"start":{"line":7,"column":33},"end":{"line":48,"column":1}},"line":7},"1":{"name":"(anonymous_1)","decl":{"start":{"line":14,"column":12},"end":{"line":14,"column":13}},"loc":{"start":{"line":14,"column":18},"end":{"line":16,"column":3}},"line":14},"2":{"name":"(anonymous_2)","decl":{"start":{"line":22,"column":27},"end":{"line":22,"column":28}},"loc":{"start":{"line":23,"column":12},"end":{"line":37,"column":18}},"line":23}},"branchMap":{"0":{"loc":{"start":{"line":21,"column":9},"end":{"line":41,"column":9}},"type":"cond-expr","locations":[{"start":{"line":22,"column":10},"end":{"line":38,"column":12}},{"start":{"line":40,"column":10},"end":{"line":40,"column":27}}],"line":21}},"s":{"0":0,"1":0,"2":0,"3":0,"4":0,"5":0},"f":{"0":0,"1":0,"2":0},"b":{"0":[0,0]}}
,"D:\\learn-js-together\\react-tl\\src\\components\\Header\\Header.jsx": {"path":"D:\\learn-js-together\\react-tl\\src\\components\\Header\\Header.jsx","statementMap":{"0":{"start":{"line":5,"column":2},"end":{"line":12,"column":4}}},"fnMap":{"0":{"name":"Header","decl":{"start":{"line":4,"column":24},"end":{"line":4,"column":30}},"loc":{"start":{"line":4,"column":42},"end":{"line":13,"column":1}},"line":4}},"branchMap":{},"s":{"0":6},"f":{"0":6},"b":{},"_coverageSchema":"1a1c01bbd47fc00a2c39e90264f33305004495a9","hash":"d3080fc86b93e101e5d6c6acd3ce2655a09f62ec"}
,"D:\\learn-js-together\\react-tl\\src\\components\\Login\\App.jsx": {"path":"D:\\learn-js-together\\react-tl\\src\\components\\Login\\App.jsx","statementMap":{"0":{"start":{"line":6,"column":21},"end":{"line":6,"column":171}},"1":{"start":{"line":9,"column":28},"end":{"line":9,"column":50}},"2":{"start":{"line":11,"column":71},"end":{"line":11,"column":76}},"3":{"start":{"line":13,"column":2},"end":{"line":15,"column":38}},"4":{"start":{"line":14,"column":4},"end":{"line":14,"column":80}},"5":{"start":{"line":14,"column":48},"end":{"line":14,"column":72}},"6":{"start":{"line":17,"column":2},"end":{"line":22,"column":13}},"7":{"start":{"line":18,"column":4},"end":{"line":21,"column":5}},"8":{"start":{"line":19,"column":6},"end":{"line":19,"column":21}},"9":{"start":{"line":20,"column":6},"end":{"line":20,"column":57}},"10":{"start":{"line":24,"column":2},"end":{"line":38,"column":4}},"11":{"start":{"line":28,"column":12},"end":{"line":34,"column":18}}},"fnMap":{"0":{"name":"App","decl":{"start":{"line":8,"column":9},"end":{"line":8,"column":12}},"loc":{"start":{"line":8,"column":20},"end":{"line":39,"column":1}},"line":8},"1":{"name":"(anonymous_1)","decl":{"start":{"line":13,"column":12},"end":{"line":13,"column":13}},"loc":{"start":{"line":13,"column":18},"end":{"line":15,"column":3}},"line":13},"2":{"name":"(anonymous_2)","decl":{"start":{"line":14,"column":42},"end":{"line":14,"column":43}},"loc":{"start":{"line":14,"column":48},"end":{"line":14,"column":72}},"line":14},"3":{"name":"(anonymous_3)","decl":{"start":{"line":17,"column":12},"end":{"line":17,"column":13}},"loc":{"start":{"line":17,"column":18},"end":{"line":22,"column":3}},"line":17},"4":{"name":"(anonymous_4)","decl":{"start":{"line":27,"column":25},"end":{"line":27,"column":26}},"loc":{"start":{"line":28,"column":12},"end":{"line":34,"column":18}},"line":28}},"branchMap":{"0":{"loc":{"start":{"line":6,"column":21},"end":{"line":6,"column":171}},"type":"cond-expr","locations":[{"start":{"line":6,"column":79},"end":{"line":6,"column":121}},{"start":{"line":6,"column":124},"end":{"line":6,"column":171}}],"line":6},"1":{"loc":{"start":{"line":14,"column":4},"end":{"line":14,"column":79}},"type":"binary-expr","locations":[{"start":{"line":14,"column":4},"end":{"line":14,"column":27}},{"start":{"line":14,"column":31},"end":{"line":14,"column":79}}],"line":14},"2":{"loc":{"start":{"line":18,"column":4},"end":{"line":21,"column":5}},"type":"if","locations":[{"start":{"line":18,"column":4},"end":{"line":21,"column":5}},{"start":{},"end":{}}],"line":18},"3":{"loc":{"start":{"line":26,"column":7},"end":{"line":36,"column":14}},"type":"cond-expr","locations":[{"start":{"line":27,"column":10},"end":{"line":35,"column":12}},{"start":{"line":36,"column":10},"end":{"line":36,"column":14}}],"line":26}},"s":{"0":0,"1":0,"2":0,"3":0,"4":0,"5":0,"6":0,"7":0,"8":0,"9":0,"10":0,"11":0},"f":{"0":0,"1":0,"2":0,"3":0,"4":0},"b":{"0":[0,0],"1":[0,0],"2":[0,0],"3":[0,0]}}
,"D:\\learn-js-together\\react-tl\\src\\components\\Login\\index.jsx": {"path":"D:\\learn-js-together\\react-tl\\src\\components\\Login\\index.jsx","statementMap":{"0":{"start":{"line":3,"column":18},"end":{"line":39,"column":1}},"1":{"start":{"line":4,"column":22},"end":{"line":4,"column":39}},"2":{"start":{"line":5,"column":22},"end":{"line":5,"column":39}},"3":{"start":{"line":6,"column":22},"end":{"line":6,"column":39}},"4":{"start":{"line":7,"column":2},"end":{"line":16,"column":20}},"5":{"start":{"line":8,"column":17},"end":{"line":8,"column":74}},"6":{"start":{"line":9,"column":4},"end":{"line":15,"column":5}},"7":{"start":{"line":10,"column":49},"end":{"line":10,"column":53}},"8":{"start":{"line":11,"column":6},"end":{"line":11,"column":24}},"9":{"start":{"line":12,"column":6},"end":{"line":12,"column":43}},"10":{"start":{"line":13,"column":6},"end":{"line":13,"column":43}},"11":{"start":{"line":14,"column":6},"end":{"line":14,"column":41}},"12":{"start":{"line":18,"column":23},"end":{"line":28,"column":3}},"13":{"start":{"line":19,"column":4},"end":{"line":19,"column":23}},"14":{"start":{"line":20,"column":21},"end":{"line":20,"column":43}},"15":{"start":{"line":21,"column":19},"end":{"line":21,"column":21}},"16":{"start":{"line":22,"column":4},"end":{"line":24,"column":7}},"17":{"start":{"line":23,"column":6},"end":{"line":23,"column":26}},"18":{"start":{"line":25,"column":17},"end":{"line":25,"column":39}},"19":{"start":{"line":26,"column":4},"end":{"line":26,"column":128}},"20":{"start":{"line":27,"column":4},"end":{"line":27,"column":16}},"21":{"start":{"line":30,"column":2},"end":{"line":38,"column":4}}},"fnMap":{"0":{"name":"(anonymous_0)","decl":{"start":{"line":3,"column":18},"end":{"line":3,"column":19}},"loc":{"start":{"line":3,"column":24},"end":{"line":39,"column":1}},"line":3},"1":{"name":"(anonymous_1)","decl":{"start":{"line":7,"column":18},"end":{"line":7,"column":19}},"loc":{"start":{"line":7,"column":24},"end":{"line":16,"column":3}},"line":7},"2":{"name":"(anonymous_2)","decl":{"start":{"line":18,"column":23},"end":{"line":18,"column":24}},"loc":{"start":{"line":18,"column":30},"end":{"line":28,"column":3}},"line":18},"3":{"name":"(anonymous_3)","decl":{"start":{"line":22,"column":21},"end":{"line":22,"column":22}},"loc":{"start":{"line":22,"column":43},"end":{"line":24,"column":5}},"line":22}},"branchMap":{"0":{"loc":{"start":{"line":9,"column":4},"end":{"line":15,"column":5}},"type":"if","locations":[{"start":{"line":9,"column":4},"end":{"line":15,"column":5}},{"start":{},"end":{}}],"line":9},"1":{"loc":{"start":{"line":26,"column":4},"end":{"line":26,"column":127}},"type":"cond-expr","locations":[{"start":{"line":26,"column":33},"end":{"line":26,"column":88}},{"start":{"line":26,"column":91},"end":{"line":26,"column":127}}],"line":26}},"s":{"0":0,"1":0,"2":0,"3":0,"4":0,"5":0,"6":0,"7":0,"8":0,"9":0,"10":0,"11":0,"12":0,"13":0,"14":0,"15":0,"16":0,"17":0,"18":0,"19":0,"20":0,"21":0},"f":{"0":0,"1":0,"2":0,"3":0},"b":{"0":[0,0],"1":[0,0]}}
,"D:\\learn-js-together\\react-tl\\src\\components\\Todo\\Todo.jsx": {"path":"D:\\learn-js-together\\react-tl\\src\\components\\Todo\\Todo.jsx","statementMap":{"0":{"start":{"line":9,"column":30},"end":{"line":9,"column":42}},"1":{"start":{"line":11,"column":4},"end":{"line":23,"column":5}}},"fnMap":{"0":{"name":"Todo","decl":{"start":{"line":7,"column":9},"end":{"line":7,"column":13}},"loc":{"start":{"line":7,"column":16},"end":{"line":24,"column":1}},"line":7}},"branchMap":{},"s":{"0":0,"1":0},"f":{"0":0},"b":{}}
,"D:\\learn-js-together\\react-tl\\src\\components\\TodoFooter\\TodoFooter.jsx": {"path":"D:\\learn-js-together\\react-tl\\src\\components\\TodoFooter\\TodoFooter.jsx","statementMap":{"0":{"start":{"line":6,"column":2},"end":{"line":14,"column":4}}},"fnMap":{"0":{"name":"TodoFooter","decl":{"start":{"line":5,"column":9},"end":{"line":5,"column":19}},"loc":{"start":{"line":5,"column":49},"end":{"line":15,"column":1}},"line":5}},"branchMap":{"0":{"loc":{"start":{"line":10,"column":9},"end":{"line":10,"column":57}},"type":"cond-expr","locations":[{"start":{"line":10,"column":41},"end":{"line":10,"column":47}},{"start":{"line":10,"column":50},"end":{"line":10,"column":57}}],"line":10}},"s":{"0":6},"f":{"0":6},"b":{"0":[2,4]},"_coverageSchema":"1a1c01bbd47fc00a2c39e90264f33305004495a9","hash":"b0dd6ed0e4b15f87480e1780e981b510670b4366"}
,"D:\\learn-js-together\\react-tl\\src\\components\\TodoList\\TodoList.jsx": {"path":"D:\\learn-js-together\\react-tl\\src\\components\\TodoList\\TodoList.jsx","statementMap":{"0":{"start":{"line":9,"column":23},"end":{"line":19,"column":5}},"1":{"start":{"line":10,"column":27},"end":{"line":17,"column":10}},"2":{"start":{"line":11,"column":12},"end":{"line":16,"column":13}},"3":{"start":{"line":12,"column":16},"end":{"line":12,"column":49}},"4":{"start":{"line":13,"column":16},"end":{"line":13,"column":27}},"5":{"start":{"line":15,"column":16},"end":{"line":15,"column":27}},"6":{"start":{"line":18,"column":8},"end":{"line":18,"column":30}},"7":{"start":{"line":21,"column":41},"end":{"line":27,"column":5}},"8":{"start":{"line":22,"column":20},"end":{"line":22,"column":21}},"9":{"start":{"line":23,"column":8},"end":{"line":25,"column":10}},"10":{"start":{"line":24,"column":12},"end":{"line":24,"column":39}},"11":{"start":{"line":24,"column":32},"end":{"line":24,"column":39}},"12":{"start":{"line":26,"column":8},"end":{"line":26,"column":20}},"13":{"start":{"line":29,"column":4},"end":{"line":51,"column":5}},"14":{"start":{"line":35,"column":28},"end":{"line":40,"column":34}},"15":{"start":{"line":37,"column":47},"end":{"line":37,"column":66}}},"fnMap":{"0":{"name":"TodoList","decl":{"start":{"line":5,"column":9},"end":{"line":5,"column":17}},"loc":{"start":{"line":7,"column":3},"end":{"line":52,"column":1}},"line":7},"1":{"name":"(anonymous_1)","decl":{"start":{"line":9,"column":23},"end":{"line":9,"column":24}},"loc":{"start":{"line":9,"column":31},"end":{"line":19,"column":5}},"line":9},"2":{"name":"(anonymous_2)","decl":{"start":{"line":10,"column":37},"end":{"line":10,"column":38}},"loc":{"start":{"line":10,"column":47},"end":{"line":17,"column":9}},"line":10},"3":{"name":"(anonymous_3)","decl":{"start":{"line":21,"column":41},"end":{"line":21,"column":42}},"loc":{"start":{"line":21,"column":47},"end":{"line":27,"column":5}},"line":21},"4":{"name":"(anonymous_4)","decl":{"start":{"line":23,"column":22},"end":{"line":23,"column":23}},"loc":{"start":{"line":23,"column":30},"end":{"line":25,"column":9}},"line":23},"5":{"name":"(anonymous_5)","decl":{"start":{"line":34,"column":34},"end":{"line":34,"column":35}},"loc":{"start":{"line":35,"column":28},"end":{"line":40,"column":34}},"line":35},"6":{"name":"(anonymous_6)","decl":{"start":{"line":37,"column":41},"end":{"line":37,"column":42}},"loc":{"start":{"line":37,"column":47},"end":{"line":37,"column":66}},"line":37}},"branchMap":{"0":{"loc":{"start":{"line":11,"column":12},"end":{"line":16,"column":13}},"type":"if","locations":[{"start":{"line":11,"column":12},"end":{"line":16,"column":13}},{"start":{"line":14,"column":19},"end":{"line":16,"column":13}}],"line":11},"1":{"loc":{"start":{"line":24,"column":12},"end":{"line":24,"column":39}},"type":"if","locations":[{"start":{"line":24,"column":12},"end":{"line":24,"column":39}},{"start":{},"end":{}}],"line":24},"2":{"loc":{"start":{"line":36,"column":56},"end":{"line":36,"column":92}},"type":"binary-expr","locations":[{"start":{"line":36,"column":56},"end":{"line":36,"column":70}},{"start":{"line":36,"column":74},"end":{"line":36,"column":92}}],"line":36}},"s":{"0":0,"1":0,"2":0,"3":0,"4":0,"5":0,"6":0,"7":0,"8":0,"9":0,"10":0,"11":0,"12":0,"13":0,"14":0,"15":0},"f":{"0":0,"1":0,"2":0,"3":0,"4":0,"5":0,"6":0},"b":{"0":[0,0],"1":[0,0],"2":[0,0]}}
,"D:\\learn-js-together\\react-tl\\src\\networks\\apis\\index.js": {"path":"D:\\learn-js-together\\react-tl\\src\\networks\\apis\\index.js","statementMap":{"0":{"start":{"line":4,"column":20},"end":{"line":4,"column":25}},"1":{"start":{"line":6,"column":15},"end":{"line":11,"column":1}},"2":{"start":{"line":13,"column":29},"end":{"line":13,"column":49}}},"fnMap":{},"branchMap":{},"s":{"0":0,"1":0,"2":0},"f":{},"b":{}}
,"D:\\learn-js-together\\react-tl\\src\\networks\\interceptors\\index.js": {"path":"D:\\learn-js-together\\react-tl\\src\\networks\\interceptors\\index.js","statementMap":{},"fnMap":{},"branchMap":{},"s":{},"f":{},"b":{}}
,"D:\\learn-js-together\\react-tl\\src\\pages\\FollowersPage\\FollowersPage.jsx": {"path":"D:\\learn-js-together\\react-tl\\src\\pages\\FollowersPage\\FollowersPage.jsx","statementMap":{"0":{"start":{"line":5,"column":2},"end":{"line":5,"column":23}}},"fnMap":{"0":{"name":"FollowersPage","decl":{"start":{"line":4,"column":24},"end":{"line":4,"column":37}},"loc":{"start":{"line":4,"column":40},"end":{"line":6,"column":1}},"line":4}},"branchMap":{},"s":{"0":0},"f":{"0":0},"b":{}}
,"D:\\learn-js-together\\react-tl\\src\\pages\\TodoPage\\TodoPage.jsx": {"path":"D:\\learn-js-together\\react-tl\\src\\pages\\TodoPage\\TodoPage.jsx","statementMap":{"0":{"start":{"line":5,"column":2},"end":{"line":5,"column":18}}},"fnMap":{"0":{"name":"TodoPage","decl":{"start":{"line":4,"column":24},"end":{"line":4,"column":32}},"loc":{"start":{"line":4,"column":35},"end":{"line":6,"column":1}},"line":4}},"branchMap":{},"s":{"0":0},"f":{"0":0},"b":{}}
,"D:\\learn-js-together\\react-tl\\src\\routes\\index.jsx": {"path":"D:\\learn-js-together\\react-tl\\src\\routes\\index.jsx","statementMap":{"0":{"start":{"line":6,"column":21},"end":{"line":15,"column":1}},"1":{"start":{"line":7,"column":2},"end":{"line":14,"column":4}}},"fnMap":{"0":{"name":"(anonymous_0)","decl":{"start":{"line":6,"column":21},"end":{"line":6,"column":22}},"loc":{"start":{"line":6,"column":27},"end":{"line":15,"column":1}},"line":6}},"branchMap":{},"s":{"0":0,"1":0},"f":{"0":0},"b":{}}
,"D:\\learn-js-together\\react-tl\\src\\store\\index.js": {"path":"D:\\learn-js-together\\react-tl\\src\\store\\index.js","statementMap":{"0":{"start":{"line":20,"column":22},"end":{"line":24,"column":1}},"1":{"start":{"line":26,"column":23},"end":{"line":26,"column":45}},"2":{"start":{"line":28,"column":25},"end":{"line":28,"column":68}},"3":{"start":{"line":30,"column":14},"end":{"line":42,"column":2}},"4":{"start":{"line":32,"column":40},"end":{"line":40,"column":3}},"5":{"start":{"line":44,"column":0},"end":{"line":44,"column":31}},"6":{"start":{"line":46,"column":25},"end":{"line":46,"column":44}}},"fnMap":{"0":{"name":"(anonymous_0)","decl":{"start":{"line":32,"column":14},"end":{"line":32,"column":15}},"loc":{"start":{"line":32,"column":40},"end":{"line":40,"column":3}},"line":32}},"branchMap":{},"s":{"0":0,"1":0,"2":0,"3":0,"4":0,"5":0,"6":0},"f":{"0":0},"b":{}}
,"D:\\learn-js-together\\react-tl\\src\\store\\reducers\\index.js": {"path":"D:\\learn-js-together\\react-tl\\src\\store\\reducers\\index.js","statementMap":{"0":{"start":{"line":8,"column":39},"end":{"line":10,"column":1}},"1":{"start":{"line":12,"column":20},"end":{"line":15,"column":2}}},"fnMap":{},"branchMap":{},"s":{"0":0,"1":0},"f":{},"b":{}}
,"D:\\learn-js-together\\react-tl\\src\\store\\sagas\\index.js": {"path":"D:\\learn-js-together\\react-tl\\src\\store\\sagas\\index.js","statementMap":{"0":{"start":{"line":5,"column":2},"end":{"line":5,"column":25}}},"fnMap":{"0":{"name":"watchSagas","decl":{"start":{"line":4,"column":17},"end":{"line":4,"column":27}},"loc":{"start":{"line":4,"column":30},"end":{"line":6,"column":1}},"line":4}},"branchMap":{},"s":{"0":0},"f":{"0":0},"b":{}}
,"D:\\learn-js-together\\react-tl\\src\\store\\selectors\\index.js": {"path":"D:\\learn-js-together\\react-tl\\src\\store\\selectors\\index.js","statementMap":{"0":{"start":{"line":3,"column":16},"end":{"line":3,"column":40}},"1":{"start":{"line":3,"column":27},"end":{"line":3,"column":40}},"2":{"start":{"line":4,"column":35},"end":{"line":4,"column":76}},"3":{"start":{"line":4,"column":70},"end":{"line":4,"column":75}}},"fnMap":{"0":{"name":"(anonymous_0)","decl":{"start":{"line":3,"column":16},"end":{"line":3,"column":17}},"loc":{"start":{"line":3,"column":27},"end":{"line":3,"column":40}},"line":3},"1":{"name":"(anonymous_1)","decl":{"start":{"line":4,"column":59},"end":{"line":4,"column":60}},"loc":{"start":{"line":4,"column":70},"end":{"line":4,"column":75}},"line":4}},"branchMap":{},"s":{"0":0,"1":0,"2":0,"3":0},"f":{"0":0,"1":0},"b":{}}
,"D:\\learn-js-together\\react-tl\\src\\store\\states\\index.js": {"path":"D:\\learn-js-together\\react-tl\\src\\store\\states\\index.js","statementMap":{"0":{"start":{"line":7,"column":31},"end":{"line":11,"column":1}},"1":{"start":{"line":8,"column":2},"end":{"line":10,"column":4}},"2":{"start":{"line":13,"column":34},"end":{"line":18,"column":1}},"3":{"start":{"line":14,"column":2},"end":{"line":17,"column":4}},"4":{"start":{"line":15,"column":34},"end":{"line":15,"column":66}},"5":{"start":{"line":16,"column":38},"end":{"line":16,"column":74}}},"fnMap":{"0":{"name":"(anonymous_0)","decl":{"start":{"line":7,"column":31},"end":{"line":7,"column":32}},"loc":{"start":{"line":7,"column":42},"end":{"line":11,"column":1}},"line":7},"1":{"name":"(anonymous_1)","decl":{"start":{"line":13,"column":34},"end":{"line":13,"column":35}},"loc":{"start":{"line":13,"column":48},"end":{"line":18,"column":1}},"line":13},"2":{"name":"(anonymous_2)","decl":{"start":{"line":15,"column":28},"end":{"line":15,"column":29}},"loc":{"start":{"line":15,"column":34},"end":{"line":15,"column":66}},"line":15},"3":{"name":"(anonymous_3)","decl":{"start":{"line":16,"column":32},"end":{"line":16,"column":33}},"loc":{"start":{"line":16,"column":38},"end":{"line":16,"column":74}},"line":16}},"branchMap":{},"s":{"0":0,"1":0,"2":0,"3":0,"4":0,"5":0},"f":{"0":0,"1":0,"2":0,"3":0},"b":{}}
,"D:\\learn-js-together\\react-tl\\src\\store\\states\\getUsers\\getUser.apis.js": {"path":"D:\\learn-js-together\\react-tl\\src\\store\\states\\getUsers\\getUser.apis.js","statementMap":{"0":{"start":{"line":3,"column":26},"end":{"line":5,"column":1}},"1":{"start":{"line":4,"column":2},"end":{"line":4,"column":42}}},"fnMap":{"0":{"name":"(anonymous_0)","decl":{"start":{"line":3,"column":26},"end":{"line":3,"column":27}},"loc":{"start":{"line":3,"column":38},"end":{"line":5,"column":1}},"line":3}},"branchMap":{},"s":{"0":0,"1":0},"f":{"0":0},"b":{}}
,"D:\\learn-js-together\\react-tl\\src\\store\\states\\getUsers\\getUser.sagas.js": {"path":"D:\\learn-js-together\\react-tl\\src\\store\\states\\getUsers\\getUser.sagas.js","statementMap":{"0":{"start":{"line":7,"column":2},"end":{"line":12,"column":3}},"1":{"start":{"line":8,"column":21},"end":{"line":8,"column":43}},"2":{"start":{"line":9,"column":4},"end":{"line":9,"column":60}},"3":{"start":{"line":11,"column":4},"end":{"line":11,"column":48}},"4":{"start":{"line":16,"column":2},"end":{"line":16,"column":57}}},"fnMap":{"0":{"name":"getUser","decl":{"start":{"line":6,"column":17},"end":{"line":6,"column":24}},"loc":{"start":{"line":6,"column":27},"end":{"line":13,"column":1}},"line":6},"1":{"name":"GetUser","decl":{"start":{"line":15,"column":17},"end":{"line":15,"column":24}},"loc":{"start":{"line":15,"column":27},"end":{"line":17,"column":1}},"line":15}},"branchMap":{},"s":{"0":0,"1":0,"2":0,"3":0,"4":0},"f":{"0":0,"1":0},"b":{}}
,"D:\\learn-js-together\\react-tl\\src\\store\\states\\getUsers\\getUser.slices.js": {"path":"D:\\learn-js-together\\react-tl\\src\\store\\states\\getUsers\\getUser.slices.js","statementMap":{"0":{"start":{"line":3,"column":21},"end":{"line":7,"column":1}},"1":{"start":{"line":9,"column":16},"end":{"line":30,"column":2}},"2":{"start":{"line":13,"column":37},"end":{"line":13,"column":42}},"3":{"start":{"line":14,"column":42},"end":{"line":14,"column":62}},"4":{"start":{"line":17,"column":6},"end":{"line":21,"column":9}},"5":{"start":{"line":24,"column":7},"end":{"line":28,"column":7}},"6":{"start":{"line":37,"column":4},"end":{"line":37,"column":19}},"7":{"start":{"line":39,"column":30},"end":{"line":39,"column":45}},"8":{"start":{"line":40,"column":35},"end":{"line":40,"column":58}}},"fnMap":{"0":{"name":"(anonymous_0)","decl":{"start":{"line":13,"column":26},"end":{"line":13,"column":27}},"loc":{"start":{"line":13,"column":37},"end":{"line":13,"column":42}},"line":13},"1":{"name":"(anonymous_1)","decl":{"start":{"line":14,"column":30},"end":{"line":14,"column":31}},"loc":{"start":{"line":14,"column":42},"end":{"line":14,"column":62}},"line":14},"2":{"name":"(anonymous_2)","decl":{"start":{"line":15,"column":33},"end":{"line":15,"column":34}},"loc":{"start":{"line":15,"column":52},"end":{"line":22,"column":5}},"line":15},"3":{"name":"(anonymous_3)","decl":{"start":{"line":23,"column":31},"end":{"line":23,"column":32}},"loc":{"start":{"line":24,"column":7},"end":{"line":28,"column":7}},"line":24}},"branchMap":{},"s":{"0":0,"1":0,"2":0,"3":0,"4":0,"5":0,"6":0,"7":0,"8":0},"f":{"0":0,"1":0,"2":0,"3":0},"b":{}}
,"D:\\learn-js-together\\react-tl\\src\\store\\states\\increment\\incrementActions.js": {"path":"D:\\learn-js-together\\react-tl\\src\\store\\states\\increment\\incrementActions.js","statementMap":{"0":{"start":{"line":3,"column":35},"end":{"line":5,"column":1}},"1":{"start":{"line":4,"column":2},"end":{"line":4,"column":45}},"2":{"start":{"line":7,"column":31},"end":{"line":11,"column":1}},"3":{"start":{"line":8,"column":2},"end":{"line":10,"column":4}},"4":{"start":{"line":13,"column":31},"end":{"line":17,"column":1}},"5":{"start":{"line":14,"column":2},"end":{"line":16,"column":4}}},"fnMap":{"0":{"name":"(anonymous_0)","decl":{"start":{"line":3,"column":35},"end":{"line":3,"column":36}},"loc":{"start":{"line":3,"column":41},"end":{"line":5,"column":1}},"line":3},"1":{"name":"(anonymous_1)","decl":{"start":{"line":7,"column":31},"end":{"line":7,"column":32}},"loc":{"start":{"line":7,"column":37},"end":{"line":11,"column":1}},"line":7},"2":{"name":"(anonymous_2)","decl":{"start":{"line":13,"column":31},"end":{"line":13,"column":32}},"loc":{"start":{"line":13,"column":37},"end":{"line":17,"column":1}},"line":13}},"branchMap":{},"s":{"0":0,"1":0,"2":0,"3":0,"4":0,"5":0},"f":{"0":0,"1":0,"2":0},"b":{}}
,"D:\\learn-js-together\\react-tl\\src\\store\\states\\increment\\incrementReducers.js": {"path":"D:\\learn-js-together\\react-tl\\src\\store\\states\\increment\\incrementReducers.js","statementMap":{"0":{"start":{"line":3,"column":22},"end":{"line":5,"column":1}},"1":{"start":{"line":8,"column":2},"end":{"line":19,"column":3}},"2":{"start":{"line":10,"column":18},"end":{"line":10,"column":33}},"3":{"start":{"line":11,"column":6},"end":{"line":11,"column":23}},"4":{"start":{"line":13,"column":21},"end":{"line":13,"column":36}},"5":{"start":{"line":14,"column":6},"end":{"line":14,"column":33}},"6":{"start":{"line":16,"column":6},"end":{"line":16,"column":27}},"7":{"start":{"line":18,"column":6},"end":{"line":18,"column":19}}},"fnMap":{"0":{"name":"(anonymous_0)","decl":{"start":{"line":7,"column":15},"end":{"line":7,"column":16}},"loc":{"start":{"line":7,"column":50},"end":{"line":20,"column":1}},"line":7}},"branchMap":{"0":{"loc":{"start":{"line":7,"column":16},"end":{"line":7,"column":37}},"type":"default-arg","locations":[{"start":{"line":7,"column":24},"end":{"line":7,"column":37}}],"line":7},"1":{"loc":{"start":{"line":8,"column":2},"end":{"line":19,"column":3}},"type":"switch","locations":[{"start":{"line":9,"column":4},"end":{"line":11,"column":23}},{"start":{"line":12,"column":4},"end":{"line":14,"column":33}},{"start":{"line":15,"column":4},"end":{"line":16,"column":27}},{"start":{"line":17,"column":4},"end":{"line":18,"column":19}}],"line":8}},"s":{"0":0,"1":0,"2":0,"3":0,"4":0,"5":0,"6":0,"7":0},"f":{"0":0},"b":{"0":[0],"1":[0,0,0,0]}}
,"D:\\learn-js-together\\react-tl\\src\\store\\states\\increment\\incrementTypes.js": {"path":"D:\\learn-js-together\\react-tl\\src\\store\\states\\increment\\incrementTypes.js","statementMap":{"0":{"start":{"line":1,"column":39},"end":{"line":1,"column":64}},"1":{"start":{"line":2,"column":34},"end":{"line":2,"column":54}},"2":{"start":{"line":3,"column":34},"end":{"line":3,"column":54}},"3":{"start":{"line":4,"column":42},"end":{"line":4,"column":70}},"4":{"start":{"line":5,"column":40},"end":{"line":5,"column":66}}},"fnMap":{},"branchMap":{},"s":{"0":0,"1":0,"2":0,"3":0,"4":0},"f":{},"b":{}}
,"D:\\learn-js-together\\react-tl\\src\\utils\\constants\\index.js": {"path":"D:\\learn-js-together\\react-tl\\src\\utils\\constants\\index.js","statementMap":{"0":{"start":{"line":1,"column":14},"end":{"line":3,"column":1}}},"fnMap":{},"branchMap":{},"s":{"0":0},"f":{},"b":{}}
,"D:\\learn-js-together\\react-tl\\src\\utils\\helpers\\index.js": {"path":"D:\\learn-js-together\\react-tl\\src\\utils\\helpers\\index.js","statementMap":{},"fnMap":{},"branchMap":{},"s":{},"f":{},"b":{}}
}
